0 info it worked if it ends with ok
1 verbose cli [ 'C:\\Program Files\\nodejs\\node.exe',
1 verbose cli   'C:\\Program Files\\nodejs\\node_modules\\npm\\bin\\npm-cli.js',
1 verbose cli   'start' ]
2 info using npm@4.0.5
3 info using node@v7.4.0
4 verbose run-script [ 'prestart', 'start', 'poststart' ]
5 info lifecycle xatty@1.0.0~prestart: xatty@1.0.0
6 silly lifecycle xatty@1.0.0~prestart: no script for prestart, continuing
7 info lifecycle xatty@1.0.0~start: xatty@1.0.0
8 verbose lifecycle xatty@1.0.0~start: unsafe-perm in lifecycle true
9 verbose lifecycle xatty@1.0.0~start: PATH: C:\Program Files\nodejs\node_modules\npm\bin\node-gyp-bin;D:\Dropbox\[GitHub_Projects]\xatty\node_modules\.bin;C:\Program Files (x86)\Razer Chroma SDK\bin;C:\Program Files\Razer Chroma SDK\bin;C:\ProgramData\Oracle\Java\javapath;C:\Windows\system32;C:\Windows;C:\Windows\System32\Wbem;C:\Windows\System32\WindowsPowerShell\v1.0\;C:\Windows\system32\config\systemprofile\AppData\Local\Microsoft\WindowsApps;C:\Program Files (x86)\Skype\Phone\;C:\xampp\php;C:\ProgramData\ComposerSetup\bin;C:\Program Files (x86)\NVIDIA Corporation\PhysX\Common;C:\Windows\system32\config\systemprofile\.dnx\bin;C:\Program Files\Microsoft DNX\Dnvm\;C:\Program Files\Microsoft SQL Server\130\Tools\Binn\;C:\Users\paulg\AppData\Local\Microsoft\WindowsApps;C:\Users\paulg\AppData\Roaming\Composer\vendor\bin;C:\Program Files (x86)\Heroku\bin;C:\Program Files (x86)\git\cmd;C:\Program Files (x86)\Git\cmd;C:\Program Files\nodejs\;C:\Program Files\Git\cmd;C:\RailsInstaller\Ruby2.3.0\bin;C:\RailsInstaller\Git\cmd;C:\RailsInstaller\Ruby2.1.0\bin;C:\Users\paulg\AppData\Local\Microsoft\WindowsApps;C:\Users\paulg\AppData\Roaming\Composer\vendor\bin;C:\Users\paulg\AppData\Roaming\npm;C:\Program Files (x86)\Microsoft VS Code\bin
10 verbose lifecycle xatty@1.0.0~start: CWD: D:\Dropbox\[GitHub_Projects]\xatty
11 silly lifecycle xatty@1.0.0~start: Args: [ '/d /s /c', 'nodemon server/index.js' ]
12 silly lifecycle xatty@1.0.0~start: Returned: code: 3221225786  signal: null
13 info lifecycle xatty@1.0.0~start: Failed to exec start script
14 verbose stack Error: xatty@1.0.0 start: `nodemon server/index.js`
14 verbose stack Exit status 3221225786
14 verbose stack     at EventEmitter.<anonymous> (C:\Program Files\nodejs\node_modules\npm\lib\utils\lifecycle.js:279:16)
14 verbose stack     at emitTwo (events.js:106:13)
14 verbose stack     at EventEmitter.emit (events.js:191:7)
14 verbose stack     at ChildProcess.<anonymous> (C:\Program Files\nodejs\node_modules\npm\lib\utils\spawn.js:40:14)
14 verbose stack     at emitTwo (events.js:106:13)
14 verbose stack     at ChildProcess.emit (events.js:191:7)
14 verbose stack     at maybeClose (internal/child_process.js:885:16)
14 verbose stack     at Process.ChildProcess._handle.onexit (internal/child_process.js:226:5)
15 verbose pkgid xatty@1.0.0
16 verbose cwd D:\Dropbox\[GitHub_Projects]\xatty
17 error Windows_NT 10.0.14393
18 error argv "C:\\Program Files\\nodejs\\node.exe" "C:\\Program Files\\nodejs\\node_modules\\npm\\bin\\npm-cli.js" "start"
19 error node v7.4.0
20 error npm  v4.0.5
21 error code ELIFECYCLE
22 error xatty@1.0.0 start: `nodemon server/index.js`
22 error Exit status 3221225786
23 error Failed at the xatty@1.0.0 start script 'nodemon server/index.js'.
23 error Make sure you have the latest version of node.js and npm installed.
23 error If you do, this is most likely a problem with the xatty package,
23 error not with npm itself.
23 error Tell the author that this fails on your system:
23 error     nodemon server/index.js
23 error You can get information on how to open an issue for this project with:
23 error     npm bugs xatty
23 error Or if that isn't available, you can get their info via:
23 error     npm owner ls xatty
23 error There is likely additional logging output above.
24 verbose exit [ 1, true ]
